<?xml version="1.0" encoding="UTF-8"?>
<!-- Generated by org.testng.reporters.JUnitReportReporter -->
<testsuite hostname="DESKTOP-7FHCBAL" failures="0" tests="1" name="testCase.LoginPage" time="7.353" errors="0" timestamp="2021-11-23T10:36:18 CET" skipped="0">
  <testcase classname="testCase.LoginPage" name="titleTest" time="7.353"/>
  <system-out/>
</testsuite> <!-- testCase.LoginPage -->
