<?xml version="1.0" encoding="UTF-8"?>
<!-- Generated by org.testng.reporters.JUnitReportReporter -->
<testsuite hostname="DESKTOP-7FHCBAL" failures="0" tests="4" name="com.freecrm.testcases.LoginPage" time="35.250" errors="0" timestamp="2021-12-01T11:29:43 CET" skipped="0">
  <testcase classname="com.freecrm.testcases.LoginPage" name="titleTest" time="9.617"/>
  <system-out/>
  <testcase classname="com.freecrm.testcases.LoginPage" name="urlCheck" time="7.166"/>
  <system-out/>
  <testcase classname="com.freecrm.testcases.LoginPage" name="logoTest" time="6.779"/>
  <system-out/>
  <testcase classname="com.freecrm.testcases.LoginPage" name="loginTest" time="11.688"/>
  <system-out/>
</testsuite> <!-- com.freecrm.testcases.LoginPage -->
